<?xml version="1.0" encoding="UTF-8"?>
<!-- Generated by org.testng.reporters.JUnitReportReporter -->
<testsuite skipped="0" hostname="LAPTOP-8EA77APH" name="org.optional.Optional" tests="1" failures="0" timestamp="24 Oct 2021 09:12:36 GMT" time="13.721" errors="0">
  <testcase name="facebookLogin" time="13.721" classname="org.optional.Optional"/>
</testsuite> <!-- org.optional.Optional -->
