<?xml version="1.0" encoding="UTF-8"?>
<!-- Generated by org.testng.reporters.JUnitReportReporter -->
<testsuite skipped="0" hostname="LAPTOP-8EA77APH" name="org.dataprovider.DataProviderSyntax" tests="3" failures="0" timestamp="24 Oct 2021 18:00:22 GMT" time="18.041" errors="0">
  <testcase name="facebookLogin" time="5.304" classname="org.dataprovider.DataProviderSyntax"/>
  <testcase name="facebookLogin" time="6.861" classname="org.dataprovider.DataProviderSyntax"/>
  <testcase name="facebookLogin" time="5.876" classname="org.dataprovider.DataProviderSyntax"/>
</testsuite> <!-- org.dataprovider.DataProviderSyntax -->
