<?xml version="1.0" encoding="UTF-8"?>
<!-- Generated by org.testng.reporters.JUnitReportReporter -->
<testsuite skipped="0" hostname="LAPTOP-8EA77APH" name="org.dataprovider.Parallel" tests="2" failures="0" timestamp="24 Oct 2021 18:39:03 GMT" time="16.045" errors="0">
  <testcase name="facebookLogin" time="8.250" classname="org.dataprovider.Parallel"/>
  <testcase name="instagram" time="7.795" classname="org.dataprovider.Parallel"/>
</testsuite> <!-- org.dataprovider.Parallel -->
