<?xml version="1.0" encoding="UTF-8"?>
<!-- Generated by org.testng.reporters.JUnitReportReporter -->
<testsuite skipped="0" hostname="LAPTOP-8EA77APH" name="org.optional.Optionally" tests="3" failures="0" timestamp="24 Oct 2021 17:05:17 GMT" time="19.046" errors="0">
  <testcase name="facebookLogin" time="6.499" classname="org.optional.Optionally"/>
  <testcase name="facebookLogin" time="5.181" classname="org.optional.Optionally"/>
  <testcase name="facebookLogin" time="7.366" classname="org.optional.Optionally"/>
</testsuite> <!-- org.optional.Optionally -->
