<?xml version="1.0" encoding="UTF-8"?>
<!-- Generated by org.testng.reporters.JUnitReportReporter -->
<testsuite skipped="0" hostname="LAPTOP-8EA77APH" name="org.dataprovider.GoupingSyntax" tests="2" failures="0" timestamp="24 Oct 2021 19:13:52 GMT" time="0.008" errors="0">
  <testcase name="tc1" time="0.007" classname="org.dataprovider.GoupingSyntax"/>
  <testcase name="tc3" time="0.001" classname="org.dataprovider.GoupingSyntax"/>
</testsuite> <!-- org.dataprovider.GoupingSyntax -->
